2020-06-04 11:40:13.272184: I tensorflow_serving/model_servers/server.cc:86] Building single TensorFlow model file config:  model_name: bug_model model_base_path: /home/eyan/Desktop/
2020-06-04 11:40:13.284345: I tensorflow_serving/model_servers/server_core.cc:462] Adding/updating models.
2020-06-04 11:40:13.284413: I tensorflow_serving/model_servers/server_core.cc:573]  (Re-)adding model: bug_model
2020-06-04 11:40:13.409343: I tensorflow_serving/core/basic_manager.cc:739] Successfully reserved resources to load servable {name: bug_model version: 1}
2020-06-04 11:40:13.409514: I tensorflow_serving/core/loader_harness.cc:66] Approving load for servable version {name: bug_model version: 1}
2020-06-04 11:40:13.409558: I tensorflow_serving/core/loader_harness.cc:74] Loading servable version {name: bug_model version: 1}
2020-06-04 11:40:13.409622: I external/org_tensorflow/tensorflow/cc/saved_model/reader.cc:31] Reading SavedModel from: /home/eyan/Desktop/1
2020-06-04 11:40:13.558412: I external/org_tensorflow/tensorflow/cc/saved_model/reader.cc:54] Reading meta graph with tags { serve }
2020-06-04 11:40:13.558493: I external/org_tensorflow/tensorflow/cc/saved_model/loader.cc:264] Reading SavedModel debug info (if present) from: /home/eyan/Desktop/1
2020-06-04 11:40:13.573182: I external/org_tensorflow/tensorflow/core/platform/cpu_feature_guard.cc:142] Your CPU supports instructions that this TensorFlow binary was not compiled to use: FMA
2020-06-04 11:40:14.010570: I external/org_tensorflow/tensorflow/cc/saved_model/loader.cc:203] Restoring SavedModel bundle.
2020-06-04 11:40:15.215467: W external/org_tensorflow/tensorflow/core/framework/cpu_allocator_impl.cc:81] Allocation of 536870912 exceeds 10% of system memory.
2020-06-04 11:40:15.215467: W external/org_tensorflow/tensorflow/core/framework/cpu_allocator_impl.cc:81] Allocation of 536870912 exceeds 10% of system memory.
2020-06-04 11:40:25.968247: I external/org_tensorflow/tensorflow/cc/saved_model/loader.cc:152] Running initialization op on SavedModel bundle at path: /home/eyan/Desktop/1
2020-06-04 11:40:26.408768: I external/org_tensorflow/tensorflow/cc/saved_model/loader.cc:333] SavedModel load for tags { serve }; Status: success: OK. Took 12999123 microseconds.
2020-06-04 11:40:26.497494: I tensorflow_serving/servables/tensorflow/saved_model_warmup.cc:105] No warmup data file found at /home/eyan/Desktop/1/assets.extra/tf_serving_warmup_requests
2020-06-04 11:40:26.500611: I tensorflow_serving/core/loader_harness.cc:87] Successfully loaded servable version {name: bug_model version: 1}
2020-06-04 11:40:26.533444: I tensorflow_serving/model_servers/server.cc:358] Running gRPC ModelServer at 0.0.0.0:8500 ...
2020-06-04 11:40:26.570744: I tensorflow_serving/model_servers/server.cc:378] Exporting HTTP/REST API at:localhost:8501 ...
[evhttp_server.cc : 238] NET_LOG: Entering the event loop ...
